<?xml version="1.0" encoding="UTF-8"?>
<!-- Generated by org.testng.reporters.JUnitXMLReporter -->
<testsuite hostname="DESKTOP-O2RFKMK" ignored="0" name="HomePageTest" tests="1" failures="1" timestamp="04 Aug 2018 11:00:56 GMT" time="104.573" errors="0">
  <testcase name="verifyLoginWithValidCredentails" time="30.5" classname="org.vwdautomation.test.homepage.VerifyLoginWithValidCredentails">
    <failure type="java.lang.AssertionError" message="expected [true] but found [false]">
      <![CDATA[java.lang.AssertionError: expected [true] but found [false]
	at org.vwdautomation.test.homepage.VerifyLoginWithValidCredentails.verifyLoginWithValidCredentails(VerifyLoginWithValidCredentails.java:28)
	at java.util.concurrent.ThreadPoolExecutor.runWorker(ThreadPoolExecutor.java:1142)
	at java.util.concurrent.ThreadPoolExecutor$Worker.run(ThreadPoolExecutor.java:617)
	at java.lang.Thread.run(Thread.java:745)
... Removed 14 stack frames]]>
    </failure>
  </testcase> <!-- verifyLoginWithValidCredentails -->
</testsuite> <!-- HomePageTest -->
