<?xml version="1.0" encoding="UTF-8"?>
<testng-results skipped="0" failed="1" ignored="0" total="1" passed="0">
  <reporter-output>
    <line>
      <![CDATA[entered user name:-10021 and object is [[ChromeDriver: chrome on XP (53198748435eeaba7ffd1babe21fd401)] -> xpath: //input[@id='username']]]]>
    </line>
    <line>
      <![CDATA[entered password:-passpass and object is [[ChromeDriver: chrome on XP (53198748435eeaba7ffd1babe21fd401)] -> xpath: //input[@id='password']]]]>
    </line>
    <line>
      <![CDATA[clicked on sublit butto and object is:-[[ChromeDriver: chrome on XP (53198748435eeaba7ffd1babe21fd401)] -> xpath: //a[@id='btn_login']]]]>
    </line>
    <line>
      <![CDATA[<a href='F:\Eclipse Work space\VWDAutomation\src\main\java\org\vwdautomation\screenshot\blank_04_08_2018_04_30_51.png'> <img src='F:\Eclipse Work space\VWDAutomation\src\main\java\org\vwdautomation\screenshot\blank_04_08_2018_04_30_51.png' height='100' width='100'/> </a>]]>
    </line>
  </reporter-output>
  <suite name="Regression Suite" duration-ms="104573" started-at="2018-08-04T10:59:11Z" finished-at="2018-08-04T11:00:56Z">
    <groups>
    </groups>
    <test name="HomePageTest" duration-ms="104573" started-at="2018-08-04T10:59:11Z" finished-at="2018-08-04T11:00:56Z">
      <class name="org.vwdautomation.test.homepage.VerifyLoginWithValidCredentails">
        <test-method status="PASS" signature="setUp()[pri:0, instance:org.vwdautomation.test.homepage.VerifyLoginWithValidCredentails@4b9e255]" name="setUp" is-config="true" duration-ms="68032" started-at="2018-08-04T16:29:11Z" finished-at="2018-08-04T16:30:19Z">
          <reporter-output>
          </reporter-output>
        </test-method> <!-- setUp -->
        <test-method status="PASS" signature="beforeMethod(java.lang.reflect.Method)[pri:0, instance:org.vwdautomation.test.homepage.VerifyLoginWithValidCredentails@4b9e255]" name="beforeMethod" is-config="true" duration-ms="8" started-at="2018-08-04T16:30:21Z" finished-at="2018-08-04T16:30:21Z">
          <params>
            <param index="0">
              <value>
                <![CDATA[public void org.vwdautomation.test.homepage.VerifyLoginWithValidCredentails.verifyLoginWithValidCredentails() throws java.lang.InterruptedException]]>
              </value>
            </param>
          </params>
          <reporter-output>
          </reporter-output>
        </test-method> <!-- beforeMethod -->
        <test-method status="FAIL" signature="verifyLoginWithValidCredentails()[pri:0, instance:org.vwdautomation.test.homepage.VerifyLoginWithValidCredentails@4b9e255]" name="verifyLoginWithValidCredentails" duration-ms="30500" started-at="2018-08-04T16:30:21Z" finished-at="2018-08-04T16:30:51Z">
          <exception class="java.lang.AssertionError">
            <message>
              <![CDATA[expected [true] but found [false]]]>
            </message>
            <full-stacktrace>
              <![CDATA[java.lang.AssertionError: expected [true] but found [false]
	at org.testng.Assert.fail(Assert.java:94)
	at org.testng.Assert.failNotEquals(Assert.java:513)
	at org.testng.Assert.assertTrue(Assert.java:42)
	at org.testng.Assert.assertTrue(Assert.java:52)
	at org.vwdautomation.test.homepage.VerifyLoginWithValidCredentails.verifyLoginWithValidCredentails(VerifyLoginWithValidCredentails.java:28)
	at sun.reflect.NativeMethodAccessorImpl.invoke0(Native Method)
	at sun.reflect.NativeMethodAccessorImpl.invoke(NativeMethodAccessorImpl.java:62)
	at sun.reflect.DelegatingMethodAccessorImpl.invoke(DelegatingMethodAccessorImpl.java:43)
	at java.lang.reflect.Method.invoke(Method.java:498)
	at org.testng.internal.MethodInvocationHelper.invokeMethod(MethodInvocationHelper.java:104)
	at org.testng.internal.Invoker.invokeMethod(Invoker.java:645)
	at org.testng.internal.Invoker.invokeTestMethod(Invoker.java:851)
	at org.testng.internal.Invoker.invokeTestMethods(Invoker.java:1177)
	at org.testng.internal.TestMethodWorker.invokeTestMethods(TestMethodWorker.java:129)
	at org.testng.internal.TestMethodWorker.run(TestMethodWorker.java:112)
	at java.util.concurrent.ThreadPoolExecutor.runWorker(ThreadPoolExecutor.java:1142)
	at java.util.concurrent.ThreadPoolExecutor$Worker.run(ThreadPoolExecutor.java:617)
	at java.lang.Thread.run(Thread.java:745)
]]>
            </full-stacktrace>
          </exception> <!-- java.lang.AssertionError -->
          <reporter-output>
            <line>
              <![CDATA[entered user name:-10021 and object is [[ChromeDriver: chrome on XP (53198748435eeaba7ffd1babe21fd401)] -> xpath: //input[@id='username']]]]>
            </line>
            <line>
              <![CDATA[entered password:-passpass and object is [[ChromeDriver: chrome on XP (53198748435eeaba7ffd1babe21fd401)] -> xpath: //input[@id='password']]]]>
            </line>
            <line>
              <![CDATA[clicked on sublit butto and object is:-[[ChromeDriver: chrome on XP (53198748435eeaba7ffd1babe21fd401)] -> xpath: //a[@id='btn_login']]]]>
            </line>
          </reporter-output>
        </test-method> <!-- verifyLoginWithValidCredentails -->
        <test-method status="PASS" signature="afterMethod(org.testng.ITestResult)[pri:0, instance:org.vwdautomation.test.homepage.VerifyLoginWithValidCredentails@4b9e255]" name="afterMethod" is-config="true" duration-ms="735" started-at="2018-08-04T16:30:51Z" finished-at="2018-08-04T16:30:52Z">
          <params>
            <param index="0">
              <value>
                <![CDATA[[TestResult name=verifyLoginWithValidCredentails status=FAILURE method=VerifyLoginWithValidCredentails.verifyLoginWithValidCredentails()[pri:0, instance:org.vwdautomation.test.homepage.VerifyLoginWithValidCredentails@4b9e255] output=entered user name:-10021 and object is [[ChromeDriver: chrome on XP (53198748435eeaba7ffd1babe21fd401)] -> xpath: //input[@id='username']]]]]>
              </value>
            </param>
          </params>
          <reporter-output>
            <line>
              <![CDATA[<a href='F:\Eclipse Work space\VWDAutomation\src\main\java\org\vwdautomation\screenshot\blank_04_08_2018_04_30_51.png'> <img src='F:\Eclipse Work space\VWDAutomation\src\main\java\org\vwdautomation\screenshot\blank_04_08_2018_04_30_51.png' height='100' width='100'/> </a>]]>
            </line>
          </reporter-output>
        </test-method> <!-- afterMethod -->
        <test-method status="PASS" signature="endTest()[pri:0, instance:org.vwdautomation.test.homepage.VerifyLoginWithValidCredentails@4b9e255]" name="endTest" is-config="true" duration-ms="4027" started-at="2018-08-04T16:30:52Z" finished-at="2018-08-04T16:30:56Z">
          <reporter-output>
          </reporter-output>
        </test-method> <!-- endTest -->
      </class> <!-- org.vwdautomation.test.homepage.VerifyLoginWithValidCredentails -->
    </test> <!-- HomePageTest -->
  </suite> <!-- Regression Suite -->
</testng-results>
