<?xml version="1.0" encoding="UTF-8"?>
<testng-results skipped="0" failed="1" ignored="0" total="1" passed="0">
  <reporter-output>
    <line>
      <![CDATA[entered user name:-10021 and object is [[ChromeDriver: chrome on XP (ea6da3d6805edd1727ab4f293cc40377)] -> xpath: //input[@id='username']]]]>
    </line>
    <line>
      <![CDATA[entered password:-passpass and object is [[ChromeDriver: chrome on XP (ea6da3d6805edd1727ab4f293cc40377)] -> xpath: //input[@id='password']]]]>
    </line>
    <line>
      <![CDATA[clicked on sublit butto and object is:-[[ChromeDriver: chrome on XP (ea6da3d6805edd1727ab4f293cc40377)] -> xpath: //a[@id='btn_login']]]]>
    </line>
    <line>
      <![CDATA[<a href='F:\Eclipse Work space\VWDAutomation\src\main\java\org\vwdautomation\screenshot\blank_04_08_2018_10_17_06.png'> <img src='F:\Eclipse Work space\VWDAutomation\src\main\java\org\vwdautomation\screenshot\blank_04_08_2018_10_17_06.png' height='100' width='100'/> </a>]]>
    </line>
  </reporter-output>
  <suite name="Default suite" duration-ms="66887" started-at="2018-08-04T16:46:04Z" finished-at="2018-08-04T16:47:11Z">
    <groups>
    </groups>
    <test name="Default test" duration-ms="66887" started-at="2018-08-04T16:46:04Z" finished-at="2018-08-04T16:47:11Z">
      <class name="org.vwdautomation.test.homepage.VerifyLoginWithValidCredentails">
        <test-method status="PASS" signature="setUp()[pri:0, instance:org.vwdautomation.test.homepage.VerifyLoginWithValidCredentails@15bb6bea]" name="setUp" is-config="true" duration-ms="33594" started-at="2018-08-04T22:16:04Z" finished-at="2018-08-04T22:16:38Z">
          <reporter-output>
          </reporter-output>
        </test-method> <!-- setUp -->
        <test-method status="PASS" signature="beforeMethod(java.lang.reflect.Method)[pri:0, instance:org.vwdautomation.test.homepage.VerifyLoginWithValidCredentails@15bb6bea]" name="beforeMethod" is-config="true" duration-ms="15" started-at="2018-08-04T22:16:38Z" finished-at="2018-08-04T22:16:38Z">
          <params>
            <param index="0">
              <value>
                <![CDATA[public void org.vwdautomation.test.homepage.VerifyLoginWithValidCredentails.verifyLoginWithValidCredentails() throws java.lang.InterruptedException]]>
              </value>
            </param>
          </params>
          <reporter-output>
          </reporter-output>
        </test-method> <!-- beforeMethod -->
        <test-method status="FAIL" signature="verifyLoginWithValidCredentails()[pri:0, instance:org.vwdautomation.test.homepage.VerifyLoginWithValidCredentails@15bb6bea]" name="verifyLoginWithValidCredentails" duration-ms="28655" started-at="2018-08-04T22:16:38Z" finished-at="2018-08-04T22:17:06Z">
          <exception class="java.lang.AssertionError">
            <message>
              <![CDATA[expected [true] but found [false]]]>
            </message>
            <full-stacktrace>
              <![CDATA[java.lang.AssertionError: expected [true] but found [false]
	at org.testng.Assert.fail(Assert.java:93)
	at org.testng.Assert.failNotEquals(Assert.java:512)
	at org.testng.Assert.assertTrue(Assert.java:41)
	at org.testng.Assert.assertTrue(Assert.java:51)
	at org.vwdautomation.test.homepage.VerifyLoginWithValidCredentails.verifyLoginWithValidCredentails(VerifyLoginWithValidCredentails.java:28)
	at sun.reflect.NativeMethodAccessorImpl.invoke0(Native Method)
	at sun.reflect.NativeMethodAccessorImpl.invoke(NativeMethodAccessorImpl.java:62)
	at sun.reflect.DelegatingMethodAccessorImpl.invoke(DelegatingMethodAccessorImpl.java:43)
	at java.lang.reflect.Method.invoke(Method.java:498)
	at org.testng.internal.MethodInvocationHelper.invokeMethod(MethodInvocationHelper.java:108)
	at org.testng.internal.Invoker.invokeMethod(Invoker.java:669)
	at org.testng.internal.Invoker.invokeTestMethod(Invoker.java:877)
	at org.testng.internal.Invoker.invokeTestMethods(Invoker.java:1201)
	at org.testng.internal.TestMethodWorker.invokeTestMethods(TestMethodWorker.java:125)
	at org.testng.internal.TestMethodWorker.run(TestMethodWorker.java:109)
	at org.testng.TestRunner.privateRun(TestRunner.java:776)
	at org.testng.TestRunner.run(TestRunner.java:634)
	at org.testng.SuiteRunner.runTest(SuiteRunner.java:425)
	at org.testng.SuiteRunner.runSequentially(SuiteRunner.java:420)
	at org.testng.SuiteRunner.privateRun(SuiteRunner.java:385)
	at org.testng.SuiteRunner.run(SuiteRunner.java:334)
	at org.testng.SuiteRunnerWorker.runSuite(SuiteRunnerWorker.java:52)
	at org.testng.SuiteRunnerWorker.run(SuiteRunnerWorker.java:86)
	at org.testng.TestNG.runSuitesSequentially(TestNG.java:1318)
	at org.testng.TestNG.runSuitesLocally(TestNG.java:1243)
	at org.testng.TestNG.runSuites(TestNG.java:1161)
	at org.testng.TestNG.run(TestNG.java:1129)
	at org.testng.remote.AbstractRemoteTestNG.run(AbstractRemoteTestNG.java:114)
	at org.testng.remote.RemoteTestNG.initAndRun(RemoteTestNG.java:251)
	at org.testng.remote.RemoteTestNG.main(RemoteTestNG.java:77)
]]>
            </full-stacktrace>
          </exception> <!-- java.lang.AssertionError -->
          <reporter-output>
            <line>
              <![CDATA[entered user name:-10021 and object is [[ChromeDriver: chrome on XP (ea6da3d6805edd1727ab4f293cc40377)] -> xpath: //input[@id='username']]]]>
            </line>
            <line>
              <![CDATA[entered password:-passpass and object is [[ChromeDriver: chrome on XP (ea6da3d6805edd1727ab4f293cc40377)] -> xpath: //input[@id='password']]]]>
            </line>
            <line>
              <![CDATA[clicked on sublit butto and object is:-[[ChromeDriver: chrome on XP (ea6da3d6805edd1727ab4f293cc40377)] -> xpath: //a[@id='btn_login']]]]>
            </line>
          </reporter-output>
        </test-method> <!-- verifyLoginWithValidCredentails -->
        <test-method status="PASS" signature="afterMethod(org.testng.ITestResult)[pri:0, instance:org.vwdautomation.test.homepage.VerifyLoginWithValidCredentails@15bb6bea]" name="afterMethod" is-config="true" duration-ms="640" started-at="2018-08-04T22:17:06Z" finished-at="2018-08-04T22:17:07Z">
          <params>
            <param index="0">
              <value>
                <![CDATA[[TestResult name=verifyLoginWithValidCredentails status=FAILURE method=VerifyLoginWithValidCredentails.verifyLoginWithValidCredentails()[pri:0, instance:org.vwdautomation.test.homepage.VerifyLoginWithValidCredentails@15bb6bea] output=entered user name:-10021 and object is [[ChromeDriver: chrome on XP (ea6da3d6805edd1727ab4f293cc40377)] -> xpath: //input[@id='username']]]]]>
              </value>
            </param>
          </params>
          <reporter-output>
            <line>
              <![CDATA[<a href='F:\Eclipse Work space\VWDAutomation\src\main\java\org\vwdautomation\screenshot\blank_04_08_2018_10_17_06.png'> <img src='F:\Eclipse Work space\VWDAutomation\src\main\java\org\vwdautomation\screenshot\blank_04_08_2018_10_17_06.png' height='100' width='100'/> </a>]]>
            </line>
          </reporter-output>
        </test-method> <!-- afterMethod -->
        <test-method status="PASS" signature="endTest()[pri:0, instance:org.vwdautomation.test.homepage.VerifyLoginWithValidCredentails@15bb6bea]" name="endTest" is-config="true" duration-ms="3958" started-at="2018-08-04T22:17:07Z" finished-at="2018-08-04T22:17:11Z">
          <reporter-output>
          </reporter-output>
        </test-method> <!-- endTest -->
      </class> <!-- org.vwdautomation.test.homepage.VerifyLoginWithValidCredentails -->
    </test> <!-- Default test -->
  </suite> <!-- Default suite -->
</testng-results>
